-------------------------------------------------------------------------------
Test set: com.learnkafka.LibraryEventsConsumerApplicationTests
-------------------------------------------------------------------------------
Tests run: 1, Failures: 0, Errors: 1, Skipped: 0, Time elapsed: 5.97 s <<< FAILURE! - in com.learnkafka.LibraryEventsConsumerApplicationTests
contextLoads  Time elapsed: 0.015 s  <<< ERROR!
java.lang.IllegalStateException: Failed to load ApplicationContext
Caused by: org.springframework.context.ApplicationContextException: Failed to start bean 'org.springframework.kafka.config.internalKafkaListenerEndpointRegistry'; nested exception is java.lang.IllegalStateException: No group.id found in consumer config, container properties, or @KafkaListener annotation; a group.id is required when group management is used.
Caused by: java.lang.IllegalStateException: No group.id found in consumer config, container properties, or @KafkaListener annotation; a group.id is required when group management is used.

